<?xml version="1.0" encoding="UTF-8"?>
<testng-results ignored="0" total="2" passed="2" failed="0" skipped="0">
  <reporter-output>
  </reporter-output>
  <suite started-at="2024-10-09T07:09:25 EEST" name="Demo Test Suite" finished-at="2024-10-09T07:09:33 EEST" duration-ms="7673">
    <groups>
    </groups>
    <test started-at="2024-10-09T07:09:25 EEST" name="TC_01_Chrome" finished-at="2024-10-09T07:09:33 EEST" duration-ms="7673">
      <class name="com.demo.test_cases.TestCase_01">
        <test-method is-config="true" signature="getTestData()[pri:0, instance:com.demo.test_cases.TestCase_01@4dc8caa7]" started-at="2024-10-09T07:09:25 EEST" name="getTestData" finished-at="2024-10-09T07:09:25 EEST" duration-ms="28" status="PASS">
          <reporter-output>
          </reporter-output>
        </test-method> <!-- getTestData -->
        <test-method is-config="true" signature="initWebBrowser(java.lang.String)[pri:0, instance:com.demo.test_cases.TestCase_01@4dc8caa7]" started-at="2024-10-09T07:09:25 EEST" name="initWebBrowser" finished-at="2024-10-09T07:09:31 EEST" duration-ms="6049" status="PASS">
          <params>
            <param index="0">
              <value>
                <![CDATA[chrome]]>
              </value>
            </param>
          </params>
          <reporter-output>
          </reporter-output>
        </test-method> <!-- initWebBrowser -->
        <test-method signature="web_login()[pri:0, instance:com.demo.test_cases.TestCase_01@4dc8caa7]" started-at="2024-10-09T07:09:31 EEST" name="web_login" description="WEB" finished-at="2024-10-09T07:09:32 EEST" duration-ms="952" status="PASS">
          <reporter-output>
          </reporter-output>
        </test-method> <!-- web_login -->
        <test-method signature="post_login()[pri:1, instance:com.demo.test_cases.TestCase_01@4dc8caa7]" started-at="2024-10-09T07:09:32 EEST" name="post_login" description="API" finished-at="2024-10-09T07:09:33 EEST" duration-ms="641" status="PASS">
          <reporter-output>
          </reporter-output>
        </test-method> <!-- post_login -->
        <test-method is-config="true" signature="clearXmlFiles()[pri:0, instance:com.demo.test_cases.TestCase_01@4dc8caa7]" started-at="2024-10-09T07:09:33 EEST" name="clearXmlFiles" finished-at="2024-10-09T07:09:33 EEST" duration-ms="541" status="PASS">
          <reporter-output>
          </reporter-output>
        </test-method> <!-- clearXmlFiles -->
      </class> <!-- com.demo.test_cases.TestCase_01 -->
    </test> <!-- TC_01_Chrome -->
  </suite> <!-- Demo Test Suite -->
</testng-results>
