<?xml version="1.0" encoding="UTF-8"?>
<testng-results skipped="0" failed="0" ignored="1" total="2" passed="1">
  <reporter-output>
  </reporter-output>
  <suite name="Demo Test Suite" duration-ms="765" started-at="2024-09-09T19:43:14 EEST" finished-at="2024-09-09T19:43:15 EEST">
    <groups>
    </groups>
    <test name="TC_01_Chrome" duration-ms="765" started-at="2024-09-09T19:43:14 EEST" finished-at="2024-09-09T19:43:15 EEST">
      <class name="com.demo.tests.TestCase_01">
        <test-method status="PASS" signature="browserConfig(java.lang.String)[pri:0, instance:com.demo.tests.TestCase_01@6a57ae10]" name="browserConfig" is-config="true" duration-ms="988" started-at="2024-09-09T19:43:13 EEST" finished-at="2024-09-09T19:43:14 EEST">
          <params>
            <param index="0">
              <value>
                <![CDATA[chrome]]>
              </value>
            </param>
          </params>
          <reporter-output>
          </reporter-output>
        </test-method> <!-- browserConfig -->
        <test-method status="PASS" signature="post_login()[pri:0, instance:com.demo.tests.TestCase_01@6a57ae10]" name="post_login" duration-ms="755" started-at="2024-09-09T19:43:14 EEST" description="API" finished-at="2024-09-09T19:43:15 EEST">
          <reporter-output>
          </reporter-output>
        </test-method> <!-- post_login -->
        <test-method status="PASS" signature="clearXmlFiles()[pri:0, instance:com.demo.tests.TestCase_01@6a57ae10]" name="clearXmlFiles" is-config="true" duration-ms="808" started-at="2024-09-09T19:43:15 EEST" finished-at="2024-09-09T19:43:16 EEST">
          <reporter-output>
          </reporter-output>
        </test-method> <!-- clearXmlFiles -->
      </class> <!-- com.demo.tests.TestCase_01 -->
    </test> <!-- TC_01_Chrome -->
  </suite> <!-- Demo Test Suite -->
</testng-results>
