<?xml version="1.0" encoding="UTF-8"?>
<!-- Generated by org.testng.reporters.JUnitXMLReporter -->
<testsuite hostname="DESKTOP-01MBQSG" ignored="1" name="TC_01_Chrome" tests="1" failures="0" timestamp="2024-09-09T19:43:15 EEST" time="0.765" errors="0">
  <testcase name="post_login" time="0.755" classname="com.demo.tests.TestCase_01"/>
  <testcase name="web_login" time="0.0" classname="com.demo.tests.TestCase_01">
    <ignored/>
  </testcase> <!-- web_login -->
</testsuite> <!-- TC_01_Chrome -->
